# JRE version: OpenJDK Runtime Environment Temurin-17.0.19+10 (17.0.19+10) (build 17.0.19+10)
# Java VM: OpenJDK 64-Bit Server VM Temurin-17.0.19+10 (17.0.19+10, mixed mode, sharing, tiered, compressed oops, compressed class ptrs, g1 gc, windows-amd64)
GC Precious Log:
 CPUs: 8 total, 8 available
 Memory: 8035M
 Large Page Support: Disabled
 NUMA Support: Disabled
 Compressed Oops: Enabled (32-bit)
 Heap Region Size: 1M
 Heap Min Capacity: 8M
 Heap Initial Capacity: 126M
 Heap Max Capacity: 2G
 Pre-touch: Disabled
 Parallel Workers: 8
 Concurrent Workers: 2
 Concurrent Refinement Workers: 8
 Periodic GC: Disabled
Heap:
 garbage-first heap   total 281600K, used 193072K [0x0000000080000000, 0x0000000100000000)
  region size 1024K, 18 young (18432K), 5 survivors (5120K)
 Metaspace       used 139141K, committed 140032K, reserved 1179648K
  class space    used 17832K, committed 18240K, reserved 1048576K
GC Heap History (20 events):
Event: 38.509 GC heap before
{Heap before GC invocations=47 (full 0):
 garbage-first heap   total 247808K, used 199655K [0x0000000080000000, 0x0000000100000000)
  region size 1024K, 61 young (62464K), 2 survivors (2048K)
 Metaspace       used 125922K, committed 126784K, reserved 1179648K
  class space    used 16448K, committed 16896K, reserved 1048576K
}
Event: 38.515 GC heap after
{Heap after GC invocations=48 (full 0):
 garbage-first heap   total 247808K, used 142448K [0x0000000080000000, 0x0000000100000000)
  region size 1024K, 5 young (5120K), 5 survivors (5120K)
 Metaspace       used 125922K, committed 126784K, reserved 1179648K
  class space    used 16448K, committed 16896K, reserved 1048576K
}
Event: 39.881 GC heap before
{Heap before GC invocations=48 (full 0):
 garbage-first heap   total 247808K, used 207984K [0x0000000080000000, 0x0000000100000000)
  region size 1024K, 64 young (65536K), 5 survivors (5120K)
 Metaspace       used 129881K, committed 130752K, reserved 1179648K
  class space    used 16952K, committed 17344K, reserved 1048576K
}
Event: 39.892 GC heap after
{Heap after GC invocations=49 (full 0):
 garbage-first heap   total 247808K, used 148734K [0x0000000080000000, 0x0000000100000000)
  region size 1024K, 8 young (8192K), 8 survivors (8192K)
 Metaspace       used 129881K, committed 130752K, reserved 1179648K
  class space    used 16952K, committed 17344K, reserved 1048576K
}
Event: 41.243 GC heap before
{Heap before GC invocations=49 (full 0):
 garbage-first heap   total 247808K, used 204030K [0x0000000080000000, 0x0000000100000000)
  region size 1024K, 62 young (63488K), 8 survivors (8192K)
 Metaspace       used 132190K, committed 133056K, reserved 1179648K
  class space    used 17233K, committed 17600K, reserved 1048576K
}
Event: 41.258 GC heap after
{Heap after GC invocations=50 (full 0):
 garbage-first heap   total 247808K, used 158526K [0x0000000080000000, 0x0000000100000000)
  region size 1024K, 8 young (8192K), 8 survivors (8192K)
 Metaspace       used 132190K, committed 133056K, reserved 1179648K
  class space    used 17233K, committed 17600K, reserved 1048576K
}
Event: 41.411 GC heap before
{Heap before GC invocations=50 (full 0):
 garbage-first heap   total 247808K, used 201534K [0x0000000080000000, 0x0000000100000000)
  region size 1024K, 51 young (52224K), 8 survivors (8192K)
 Metaspace       used 132190K, committed 133056K, reserved 1179648K
  class space    used 17233K, committed 17600K, reserved 1048576K
}
Event: 41.428 GC heap after
{Heap after GC invocations=51 (full 0):
 garbage-first heap   total 247808K, used 176128K [0x0000000080000000, 0x0000000100000000)
  region size 1024K, 7 young (7168K), 7 survivors (7168K)
 Metaspace       used 132190K, committed 133056K, reserved 1179648K
  class space    used 17233K, committed 17600K, reserved 1048576K
}
Event: 41.522 GC heap before
{Heap before GC invocations=51 (full 0):
 garbage-first heap   total 247808K, used 195584K [0x0000000080000000, 0x0000000100000000)
  region size 1024K, 27 young (27648K), 7 survivors (7168K)
 Metaspace       used 132200K, committed 133056K, reserved 1179648K
  class space    used 17233K, committed 17600K, reserved 1048576K
}
Event: 41.535 GC heap after
{Heap after GC invocations=52 (full 0):
 garbage-first heap   total 247808K, used 186103K [0x0000000080000000, 0x0000000100000000)
  region size 1024K, 4 young (4096K), 4 survivors (4096K)
 Metaspace       used 132200K, committed 133056K, reserved 1179648K
  class space    used 17233K, committed 17600K, reserved 1048576K
}
Event: 41.862 GC heap before
{Heap before GC invocations=53 (full 0):
 garbage-first heap   total 281600K, used 172791K [0x0000000080000000, 0x0000000100000000)
  region size 1024K, 19 young (19456K), 4 survivors (4096K)
 Metaspace       used 132412K, committed 133312K, reserved 1179648K
  class space    used 17236K, committed 17664K, reserved 1048576K
}
Event: 41.873 GC heap after
{Heap after GC invocations=54 (full 0):
 garbage-first heap   total 281600K, used 163759K [0x0000000080000000, 0x0000000100000000)
  region size 1024K, 3 young (3072K), 3 survivors (3072K)
 Metaspace       used 132412K, committed 133312K, reserved 1179648K
  class space    used 17236K, committed 17664K, reserved 1048576K
}
Event: 42.042 GC heap before
{Heap before GC invocations=54 (full 0):
 garbage-first heap   total 281600K, used 173999K [0x0000000080000000, 0x0000000100000000)
  region size 1024K, 13 young (13312K), 3 survivors (3072K)
 Metaspace       used 132602K, committed 133440K, reserved 1179648K
  class space    used 17255K, committed 17664K, reserved 1048576K
}
Event: 42.055 GC heap after
{Heap after GC invocations=55 (full 0):
 garbage-first heap   total 281600K, used 146954K [0x0000000080000000, 0x0000000100000000)
  region size 1024K, 2 young (2048K), 2 survivors (2048K)
 Metaspace       used 132602K, committed 133440K, reserved 1179648K
  class space    used 17255K, committed 17664K, reserved 1048576K
}
Event: 42.927 GC heap before
{Heap before GC invocations=55 (full 0):
 garbage-first heap   total 281600K, used 205322K [0x0000000080000000, 0x0000000100000000)
  region size 1024K, 58 young (59392K), 2 survivors (2048K)
 Metaspace       used 132907K, committed 133760K, reserved 1179648K
  class space    used 17270K, committed 17664K, reserved 1048576K
}
Event: 42.944 GC heap after
{Heap after GC invocations=56 (full 0):
 garbage-first heap   total 281600K, used 165504K [0x0000000080000000, 0x0000000100000000)
  region size 1024K, 8 young (8192K), 8 survivors (8192K)
 Metaspace       used 132907K, committed 133760K, reserved 1179648K
  class space    used 17270K, committed 17664K, reserved 1048576K
}
Event: 45.376 GC heap before
{Heap before GC invocations=56 (full 0):
 garbage-first heap   total 281600K, used 212608K [0x0000000080000000, 0x0000000100000000)
  region size 1024K, 54 young (55296K), 8 survivors (8192K)
 Metaspace       used 134611K, committed 135488K, reserved 1179648K
  class space    used 17378K, committed 17792K, reserved 1048576K
}
Event: 45.402 GC heap after
{Heap after GC invocations=57 (full 0):
 garbage-first heap   total 281600K, used 174998K [0x0000000080000000, 0x0000000100000000)
  region size 1024K, 7 young (7168K), 7 survivors (7168K)
 Metaspace       used 134611K, committed 135488K, reserved 1179648K
  class space    used 17378K, committed 17792K, reserved 1048576K
}
Event: 48.155 GC heap before
{Heap before GC invocations=57 (full 0):
 garbage-first heap   total 281600K, used 219030K [0x0000000080000000, 0x0000000100000000)
  region size 1024K, 50 young (51200K), 7 survivors (7168K)
 Metaspace       used 138265K, committed 139136K, reserved 1179648K
  class space    used 17723K, committed 18112K, reserved 1048576K
}
Event: 48.181 GC heap after
{Heap after GC invocations=58 (full 0):
 garbage-first heap   total 281600K, used 180784K [0x0000000080000000, 0x0000000100000000)
  region size 1024K, 5 young (5120K), 5 survivors (5120K)
 Metaspace       used 138265K, committed 139136K, reserved 1179648K
  class space    used 17723K, committed 18112K, reserved 1048576K
}

